# JRE version: OpenJDK Runtime Environment (17.0.1+12) (build 17.0.1+12-39)
# Java VM: OpenJDK 64-Bit Server VM (17.0.1+12-39, mixed mode, sharing, tiered, compressed oops, compressed class ptrs, g1 gc, windows-amd64)
GC Precious Log:
 CPUs: 8 total, 8 available
 Memory: 8066M
 Large Page Support: Disabled
 NUMA Support: Disabled
 Compressed Oops: Enabled (32-bit)
 Heap Region Size: 1M
 Heap Min Capacity: 8M
 Heap Initial Capacity: 128M
 Heap Max Capacity: 2018M
 Pre-touch: Disabled
 Parallel Workers: 8
 Concurrent Workers: 2
 Concurrent Refinement Workers: 8
 Periodic GC: Disabled
Heap:
 garbage-first heap   total 131072K, used 55063K [0x0000000081e00000, 0x0000000100000000)
  region size 1024K, 17 young (17408K), 10 survivors (10240K)
 Metaspace       used 22188K, committed 22400K, reserved 1073152K
  class space    used 3158K, committed 3264K, reserved 1048576K
GC Heap History (6 events):
Event: 2.180 GC heap before
{Heap before GC invocations=0 (full 0):
 garbage-first heap   total 131072K, used 22528K [0x0000000081e00000, 0x0000000100000000)
  region size 1024K, 23 young (23552K), 0 survivors (0K)
 Metaspace       used 2625K, committed 2816K, reserved 1056768K
  class space    used 268K, committed 384K, reserved 1048576K
}
Event: 2.193 GC heap after
{Heap after GC invocations=1 (full 0):
 garbage-first heap   total 131072K, used 2303K [0x0000000081e00000, 0x0000000100000000)
  region size 1024K, 3 young (3072K), 3 survivors (3072K)
 Metaspace       used 2625K, committed 2816K, reserved 1056768K
  class space    used 268K, committed 384K, reserved 1048576K
}
Event: 4.165 GC heap before
{Heap before GC invocations=1 (full 0):
 garbage-first heap   total 131072K, used 36095K [0x0000000081e00000, 0x0000000100000000)
  region size 1024K, 37 young (37888K), 3 survivors (3072K)
 Metaspace       used 12102K, committed 12352K, reserved 1064960K
  class space    used 1672K, committed 1792K, reserved 1048576K
}
Event: 4.177 GC heap after
{Heap after GC invocations=2 (full 0):
 garbage-first heap   total 131072K, used 7303K [0x0000000081e00000, 0x0000000100000000)
  region size 1024K, 5 young (5120K), 5 survivors (5120K)
 Metaspace       used 12102K, committed 12352K, reserved 1064960K
  class space    used 1672K, committed 1792K, reserved 1048576K
}
Event: 16.038 GC heap before
{Heap before GC invocations=2 (full 0):
 garbage-first heap   total 131072K, used 80007K [0x0000000081e00000, 0x0000000100000000)
  region size 1024K, 41 young (41984K), 5 survivors (5120K)
 Metaspace       used 21262K, committed 21504K, reserved 1073152K
  class space    used 3003K, committed 3136K, reserved 1048576K
}
Event: 16.055 GC heap after
{Heap after GC invocations=3 (full 0):
 garbage-first heap   total 131072K, used 48919K [0x0000000081e00000, 0x0000000100000000)
  region size 1024K, 10 young (10240K), 10 survivors (10240K)
 Metaspace       used 21262K, committed 21504K, reserved 1073152K
  class space    used 3003K, committed 3136K, reserved 1048576K
}

